2024-05-16 09:48:13,333 INFO o.a.j.u.JMeterUtils: Setting Locale to en_EN
2024-05-16 09:48:13,347 INFO o.a.j.JMeter: Loading user properties from: /opt/homebrew/Cellar/jmeter/5.6.3/libexec/bin/user.properties
2024-05-16 09:48:13,347 INFO o.a.j.JMeter: Loading system properties from: /opt/homebrew/Cellar/jmeter/5.6.3/libexec/bin/system.properties
2024-05-16 09:48:13,351 INFO o.a.j.JMeter: Copyright (c) 1998-2024 The Apache Software Foundation
2024-05-16 09:48:13,351 INFO o.a.j.JMeter: Version 5.6.3
2024-05-16 09:48:13,351 INFO o.a.j.JMeter: java.version=21.0.3
2024-05-16 09:48:13,351 INFO o.a.j.JMeter: java.vm.name=OpenJDK 64-Bit Server VM
2024-05-16 09:48:13,351 INFO o.a.j.JMeter: os.name=Mac OS X
2024-05-16 09:48:13,351 INFO o.a.j.JMeter: os.arch=aarch64
2024-05-16 09:48:13,351 INFO o.a.j.JMeter: os.version=14.4.1
2024-05-16 09:48:13,351 INFO o.a.j.JMeter: file.encoding=UTF-8
2024-05-16 09:48:13,351 INFO o.a.j.JMeter: java.awt.headless=true
2024-05-16 09:48:13,351 INFO o.a.j.JMeter: Max memory     =1073741824
2024-05-16 09:48:13,351 INFO o.a.j.JMeter: Available Processors =8
2024-05-16 09:48:13,358 INFO o.a.j.JMeter: Default Locale=English (EN)
2024-05-16 09:48:13,358 INFO o.a.j.JMeter: JMeter  Locale=English (EN)
2024-05-16 09:48:13,358 INFO o.a.j.JMeter: JMeterHome=/opt/homebrew/Cellar/jmeter/5.6.3/libexec
2024-05-16 09:48:13,358 INFO o.a.j.JMeter: user.dir  =/Users/axel/Documents/dev/testingHotel
2024-05-16 09:48:13,358 INFO o.a.j.JMeter: PWD       =/Users/axel/Documents/dev/testingHotel
2024-05-16 09:48:13,361 INFO o.a.j.JMeter: IP: 127.0.0.1 Name: MacBook-Pro-de-Axel.local FullName: localhost
2024-05-16 09:48:13,372 INFO o.a.j.s.FileServer: Default base='/Users/axel/Documents/dev/testingHotel'
2024-05-16 09:48:13,373 INFO o.a.j.s.FileServer: Set new base='/Users/axel/Documents/dev/testingHotel/tests/stress'
2024-05-16 09:48:13,480 INFO o.a.j.s.SaveService: Testplan (JMX) version: 2.2. Testlog (JTL) version: 2.2
2024-05-16 09:48:13,511 INFO o.a.j.s.SaveService: Using SaveService properties version 5.0
2024-05-16 09:48:13,513 INFO o.a.j.s.SaveService: Using SaveService properties file encoding UTF-8
2024-05-16 09:48:13,514 INFO o.a.j.s.SaveService: Loading file: tests/stress/test_plan.jmx
2024-05-16 09:48:13,559 INFO o.a.j.p.h.s.HTTPSamplerBase: Parser for text/html is org.apache.jmeter.protocol.http.parser.LagartoBasedHtmlParser
2024-05-16 09:48:13,559 INFO o.a.j.p.h.s.HTTPSamplerBase: Parser for application/xhtml+xml is org.apache.jmeter.protocol.http.parser.LagartoBasedHtmlParser
2024-05-16 09:48:13,559 INFO o.a.j.p.h.s.HTTPSamplerBase: Parser for application/xml is org.apache.jmeter.protocol.http.parser.LagartoBasedHtmlParser
2024-05-16 09:48:13,559 INFO o.a.j.p.h.s.HTTPSamplerBase: Parser for text/xml is org.apache.jmeter.protocol.http.parser.LagartoBasedHtmlParser
2024-05-16 09:48:13,559 INFO o.a.j.p.h.s.HTTPSamplerBase: Parser for text/vnd.wap.wml is org.apache.jmeter.protocol.http.parser.RegexpHTMLParser
2024-05-16 09:48:13,559 INFO o.a.j.p.h.s.HTTPSamplerBase: Parser for text/css is org.apache.jmeter.protocol.http.parser.CssParser
2024-05-16 09:48:13,576 INFO o.a.j.JMeter: Creating summariser <summary>
2024-05-16 09:48:13,583 INFO o.a.j.e.StandardJMeterEngine: Running the test!
2024-05-16 09:48:13,583 INFO o.a.j.s.SampleEvent: List of sample_variables: []
2024-05-16 09:48:13,583 INFO o.a.j.s.SampleEvent: List of sample_variables: []
2024-05-16 09:48:13,586 INFO o.a.j.e.u.CompoundVariable: Note: Function class names must contain the string: '.functions.'
2024-05-16 09:48:13,586 INFO o.a.j.e.u.CompoundVariable: Note: Function class names must not contain the string: '.gui.'
2024-05-16 09:48:13,621 INFO o.a.j.r.ClassFinder: Will scan jar /opt/homebrew/Cellar/jmeter/5.6.3/libexec/lib/ext/jmeter-plugins-manager-1.9.jar with filter ExtendsClassFilter [parents=[interface org.apache.jmeter.functions.Function], inner=false, contains=null, notContains=null]. Consider exposing JMeter plugins via META-INF/services, and add JMeter-Skip-Class-Scanning=true manifest attribute so JMeter can skip classfile scanning
2024-05-16 09:48:13,682 INFO o.a.j.JMeter: Running test (1715845693682)
2024-05-16 09:48:13,694 INFO o.a.j.e.StandardJMeterEngine: Starting ThreadGroup: 1 : Thread Group
2024-05-16 09:48:13,694 INFO o.a.j.e.StandardJMeterEngine: Starting 100 threads for group Thread Group.
2024-05-16 09:48:13,694 INFO o.a.j.e.StandardJMeterEngine: Thread will continue on error
2024-05-16 09:48:13,694 INFO o.a.j.t.ThreadGroup: Starting thread group... number=1 threads=100 ramp-up=10 delayedStart=false
2024-05-16 09:48:13,698 INFO o.a.j.t.JMeterThread: Thread started: Thread Group 1-1
2024-05-16 09:48:13,709 INFO o.a.j.p.h.s.HTTPHCAbstractImpl: Local host = MacBook-Pro-de-Axel.local
2024-05-16 09:48:13,714 INFO o.a.j.t.ThreadGroup: Started thread group number 1
2024-05-16 09:48:13,714 INFO o.a.j.e.StandardJMeterEngine: All thread groups have been started
2024-05-16 09:48:13,715 INFO o.a.j.p.h.s.HTTPHC4Impl: HTTP request retry count = 0
2024-05-16 09:48:13,716 INFO o.a.j.s.SampleResult: Note: Sample TimeStamps are START times
2024-05-16 09:48:13,716 INFO o.a.j.s.SampleResult: sampleresult.default.encoding is set to UTF-8
2024-05-16 09:48:13,716 INFO o.a.j.s.SampleResult: sampleresult.useNanoTime=true
2024-05-16 09:48:13,716 INFO o.a.j.s.SampleResult: sampleresult.nanoThreadSleep=5000
2024-05-16 09:48:13,759 INFO o.a.j.p.h.s.h.LazyLayeredConnectionSocketFactory: Setting up HTTPS TrustAll Socket Factory
2024-05-16 09:48:13,763 INFO o.a.j.u.JsseSSLManager: Using default SSL protocol: TLS
2024-05-16 09:48:13,763 INFO o.a.j.u.JsseSSLManager: SSL session context: per-thread
2024-05-16 09:48:13,801 INFO o.a.j.t.JMeterThread: Thread started: Thread Group 1-2
2024-05-16 09:48:13,837 INFO o.a.j.u.SSLManager: JmeterKeyStore Location:  type JKS
2024-05-16 09:48:13,840 INFO o.a.j.u.SSLManager: KeyStore created OK
2024-05-16 09:48:13,840 WARN o.a.j.u.SSLManager: Keystore file not found, loading empty keystore
2024-05-16 09:48:13,901 INFO o.a.j.t.JMeterThread: Thread started: Thread Group 1-3
2024-05-16 09:48:14,001 INFO o.a.j.t.JMeterThread: Thread started: Thread Group 1-4
2024-05-16 09:48:14,097 INFO o.a.j.t.JMeterThread: Thread started: Thread Group 1-5
2024-05-16 09:48:14,200 INFO o.a.j.t.JMeterThread: Thread started: Thread Group 1-6
2024-05-16 09:48:14,300 INFO o.a.j.t.JMeterThread: Thread started: Thread Group 1-7
2024-05-16 09:48:14,399 INFO o.a.j.t.JMeterThread: Thread started: Thread Group 1-8
2024-05-16 09:48:14,410 INFO o.a.j.t.JMeterThread: Thread is done: Thread Group 1-3
2024-05-16 09:48:14,410 INFO o.a.j.t.JMeterThread: Thread finished: Thread Group 1-3
2024-05-16 09:48:14,443 INFO o.a.j.t.JMeterThread: Thread is done: Thread Group 1-2
2024-05-16 09:48:14,443 INFO o.a.j.t.JMeterThread: Thread finished: Thread Group 1-2
2024-05-16 09:48:14,499 INFO o.a.j.t.JMeterThread: Thread started: Thread Group 1-9
2024-05-16 09:48:14,502 INFO o.a.j.t.JMeterThread: Thread is done: Thread Group 1-6
2024-05-16 09:48:14,502 INFO o.a.j.t.JMeterThread: Thread finished: Thread Group 1-6
2024-05-16 09:48:14,597 INFO o.a.j.t.JMeterThread: Thread started: Thread Group 1-10
2024-05-16 09:48:14,600 INFO o.a.j.t.JMeterThread: Thread is done: Thread Group 1-7
2024-05-16 09:48:14,600 INFO o.a.j.t.JMeterThread: Thread finished: Thread Group 1-7
2024-05-16 09:48:14,669 INFO o.a.j.t.JMeterThread: Thread is done: Thread Group 1-8
2024-05-16 09:48:14,669 INFO o.a.j.t.JMeterThread: Thread finished: Thread Group 1-8
2024-05-16 09:48:14,700 INFO o.a.j.t.JMeterThread: Thread started: Thread Group 1-11
2024-05-16 09:48:14,788 INFO o.a.j.t.JMeterThread: Thread is done: Thread Group 1-9
2024-05-16 09:48:14,789 INFO o.a.j.t.JMeterThread: Thread finished: Thread Group 1-9
2024-05-16 09:48:14,799 INFO o.a.j.t.JMeterThread: Thread started: Thread Group 1-12
2024-05-16 09:48:14,899 INFO o.a.j.t.JMeterThread: Thread started: Thread Group 1-13
2024-05-16 09:48:14,919 INFO o.a.j.t.JMeterThread: Thread is done: Thread Group 1-10
2024-05-16 09:48:14,921 INFO o.a.j.t.JMeterThread: Thread finished: Thread Group 1-10
2024-05-16 09:48:14,983 INFO o.a.j.t.JMeterThread: Thread is done: Thread Group 1-11
2024-05-16 09:48:14,983 INFO o.a.j.t.JMeterThread: Thread finished: Thread Group 1-11
2024-05-16 09:48:14,999 INFO o.a.j.t.JMeterThread: Thread started: Thread Group 1-14
2024-05-16 09:48:15,100 INFO o.a.j.t.JMeterThread: Thread is done: Thread Group 1-12
2024-05-16 09:48:15,100 INFO o.a.j.t.JMeterThread: Thread finished: Thread Group 1-12
2024-05-16 09:48:15,100 INFO o.a.j.t.JMeterThread: Thread started: Thread Group 1-15
2024-05-16 09:48:15,199 INFO o.a.j.t.JMeterThread: Thread started: Thread Group 1-16
2024-05-16 09:48:15,247 INFO o.a.j.t.JMeterThread: Thread is done: Thread Group 1-4
2024-05-16 09:48:15,247 INFO o.a.j.t.JMeterThread: Thread finished: Thread Group 1-4
2024-05-16 09:48:15,247 INFO o.a.j.t.JMeterThread: Thread is done: Thread Group 1-13
2024-05-16 09:48:15,247 INFO o.a.j.t.JMeterThread: Thread is done: Thread Group 1-1
2024-05-16 09:48:15,248 INFO o.a.j.t.JMeterThread: Thread finished: Thread Group 1-13
2024-05-16 09:48:15,248 INFO o.a.j.t.JMeterThread: Thread finished: Thread Group 1-1
2024-05-16 09:48:15,296 INFO o.a.j.t.JMeterThread: Thread is done: Thread Group 1-14
2024-05-16 09:48:15,296 INFO o.a.j.t.JMeterThread: Thread finished: Thread Group 1-14
2024-05-16 09:48:15,296 INFO o.a.j.t.JMeterThread: Thread started: Thread Group 1-17
2024-05-16 09:48:15,363 INFO o.a.j.t.JMeterThread: Thread is done: Thread Group 1-5
2024-05-16 09:48:15,363 INFO o.a.j.t.JMeterThread: Thread finished: Thread Group 1-5
2024-05-16 09:48:15,395 INFO o.a.j.t.JMeterThread: Thread is done: Thread Group 1-15
2024-05-16 09:48:15,395 INFO o.a.j.t.JMeterThread: Thread finished: Thread Group 1-15
2024-05-16 09:48:15,400 INFO o.a.j.t.JMeterThread: Thread started: Thread Group 1-18
2024-05-16 09:48:15,499 INFO o.a.j.t.JMeterThread: Thread started: Thread Group 1-19
2024-05-16 09:48:15,537 INFO o.a.j.t.JMeterThread: Thread is done: Thread Group 1-16
2024-05-16 09:48:15,537 INFO o.a.j.t.JMeterThread: Thread finished: Thread Group 1-16
2024-05-16 09:48:15,563 INFO o.a.j.t.JMeterThread: Thread is done: Thread Group 1-17
2024-05-16 09:48:15,563 INFO o.a.j.t.JMeterThread: Thread finished: Thread Group 1-17
2024-05-16 09:48:15,600 INFO o.a.j.t.JMeterThread: Thread started: Thread Group 1-20
2024-05-16 09:48:15,676 INFO o.a.j.t.JMeterThread: Thread is done: Thread Group 1-18
2024-05-16 09:48:15,677 INFO o.a.j.t.JMeterThread: Thread finished: Thread Group 1-18
2024-05-16 09:48:15,695 INFO o.a.j.t.JMeterThread: Thread started: Thread Group 1-21
2024-05-16 09:48:15,799 INFO o.a.j.t.JMeterThread: Thread started: Thread Group 1-22
2024-05-16 09:48:15,830 INFO o.a.j.t.JMeterThread: Thread is done: Thread Group 1-19
2024-05-16 09:48:15,830 INFO o.a.j.t.JMeterThread: Thread finished: Thread Group 1-19
2024-05-16 09:48:15,884 INFO o.a.j.t.JMeterThread: Thread is done: Thread Group 1-20
2024-05-16 09:48:15,884 INFO o.a.j.t.JMeterThread: Thread finished: Thread Group 1-20
2024-05-16 09:48:15,899 INFO o.a.j.t.JMeterThread: Thread started: Thread Group 1-23
2024-05-16 09:48:15,999 INFO o.a.j.t.JMeterThread: Thread started: Thread Group 1-24
2024-05-16 09:48:16,057 INFO o.a.j.t.JMeterThread: Thread is done: Thread Group 1-21
2024-05-16 09:48:16,057 INFO o.a.j.t.JMeterThread: Thread finished: Thread Group 1-21
2024-05-16 09:48:16,095 INFO o.a.j.t.JMeterThread: Thread started: Thread Group 1-25
2024-05-16 09:48:16,136 INFO o.a.j.t.JMeterThread: Thread is done: Thread Group 1-22
2024-05-16 09:48:16,136 INFO o.a.j.t.JMeterThread: Thread finished: Thread Group 1-22
2024-05-16 09:48:16,197 INFO o.a.j.t.JMeterThread: Thread started: Thread Group 1-26
2024-05-16 09:48:16,250 INFO o.a.j.t.JMeterThread: Thread is done: Thread Group 1-23
2024-05-16 09:48:16,250 INFO o.a.j.t.JMeterThread: Thread finished: Thread Group 1-23
2024-05-16 09:48:16,295 INFO o.a.j.t.JMeterThread: Thread started: Thread Group 1-27
2024-05-16 09:48:16,349 INFO o.a.j.t.JMeterThread: Thread is done: Thread Group 1-24
2024-05-16 09:48:16,349 INFO o.a.j.t.JMeterThread: Thread finished: Thread Group 1-24
2024-05-16 09:48:16,389 INFO o.a.j.t.JMeterThread: Thread is done: Thread Group 1-25
2024-05-16 09:48:16,390 INFO o.a.j.t.JMeterThread: Thread finished: Thread Group 1-25
2024-05-16 09:48:16,400 INFO o.a.j.t.JMeterThread: Thread started: Thread Group 1-28
2024-05-16 09:48:16,496 INFO o.a.j.t.JMeterThread: Thread started: Thread Group 1-29
2024-05-16 09:48:16,556 INFO o.a.j.t.JMeterThread: Thread is done: Thread Group 1-26
2024-05-16 09:48:16,556 INFO o.a.j.t.JMeterThread: Thread finished: Thread Group 1-26
2024-05-16 09:48:16,600 INFO o.a.j.t.JMeterThread: Thread started: Thread Group 1-30
2024-05-16 09:48:16,699 INFO o.a.j.t.JMeterThread: Thread started: Thread Group 1-31
2024-05-16 09:48:16,758 INFO o.a.j.t.JMeterThread: Thread is done: Thread Group 1-27
2024-05-16 09:48:16,758 INFO o.a.j.t.JMeterThread: Thread finished: Thread Group 1-27
2024-05-16 09:48:16,799 INFO o.a.j.t.JMeterThread: Thread started: Thread Group 1-32
2024-05-16 09:48:16,899 INFO o.a.j.t.JMeterThread: Thread started: Thread Group 1-33
2024-05-16 09:48:16,906 INFO o.a.j.t.JMeterThread: Thread is done: Thread Group 1-29
2024-05-16 09:48:16,906 INFO o.a.j.t.JMeterThread: Thread is done: Thread Group 1-28
2024-05-16 09:48:16,906 INFO o.a.j.t.JMeterThread: Thread finished: Thread Group 1-29
2024-05-16 09:48:16,907 INFO o.a.j.t.JMeterThread: Thread finished: Thread Group 1-28
2024-05-16 09:48:16,994 INFO o.a.j.t.JMeterThread: Thread started: Thread Group 1-34
2024-05-16 09:48:17,097 INFO o.a.j.t.JMeterThread: Thread started: Thread Group 1-35
2024-05-16 09:48:17,200 INFO o.a.j.t.JMeterThread: Thread started: Thread Group 1-36
2024-05-16 09:48:17,203 INFO o.a.j.t.JMeterThread: Thread is done: Thread Group 1-31
2024-05-16 09:48:17,203 INFO o.a.j.t.JMeterThread: Thread is done: Thread Group 1-30
2024-05-16 09:48:17,203 INFO o.a.j.t.JMeterThread: Thread finished: Thread Group 1-31
2024-05-16 09:48:17,203 INFO o.a.j.t.JMeterThread: Thread finished: Thread Group 1-30
2024-05-16 09:48:17,299 INFO o.a.j.t.JMeterThread: Thread started: Thread Group 1-37
2024-05-16 09:48:17,381 INFO o.a.j.t.JMeterThread: Thread is done: Thread Group 1-33
2024-05-16 09:48:17,381 INFO o.a.j.t.JMeterThread: Thread is done: Thread Group 1-32
2024-05-16 09:48:17,381 INFO o.a.j.t.JMeterThread: Thread finished: Thread Group 1-33
2024-05-16 09:48:17,381 INFO o.a.j.t.JMeterThread: Thread finished: Thread Group 1-32
2024-05-16 09:48:17,399 INFO o.a.j.t.JMeterThread: Thread started: Thread Group 1-38
2024-05-16 09:48:17,499 INFO o.a.j.t.JMeterThread: Thread started: Thread Group 1-39
2024-05-16 09:48:17,569 INFO o.a.j.t.JMeterThread: Thread is done: Thread Group 1-34
2024-05-16 09:48:17,570 INFO o.a.j.t.JMeterThread: Thread finished: Thread Group 1-34
2024-05-16 09:48:17,599 INFO o.a.j.t.JMeterThread: Thread started: Thread Group 1-40
2024-05-16 09:48:17,700 INFO o.a.j.t.JMeterThread: Thread started: Thread Group 1-41
2024-05-16 09:48:17,725 INFO o.a.j.t.JMeterThread: Thread is done: Thread Group 1-37
2024-05-16 09:48:17,725 INFO o.a.j.t.JMeterThread: Thread is done: Thread Group 1-36
2024-05-16 09:48:17,725 INFO o.a.j.t.JMeterThread: Thread is done: Thread Group 1-35
2024-05-16 09:48:17,725 INFO o.a.j.t.JMeterThread: Thread finished: Thread Group 1-36
2024-05-16 09:48:17,725 INFO o.a.j.t.JMeterThread: Thread finished: Thread Group 1-35
2024-05-16 09:48:17,725 INFO o.a.j.t.JMeterThread: Thread finished: Thread Group 1-37
2024-05-16 09:48:17,799 INFO o.a.j.t.JMeterThread: Thread started: Thread Group 1-42
2024-05-16 09:48:17,900 INFO o.a.j.t.JMeterThread: Thread started: Thread Group 1-43
2024-05-16 09:48:18,000 INFO o.a.j.t.JMeterThread: Thread started: Thread Group 1-44
2024-05-16 09:48:18,099 INFO o.a.j.t.JMeterThread: Thread started: Thread Group 1-45
2024-05-16 09:48:18,101 INFO o.a.j.t.JMeterThread: Thread is done: Thread Group 1-39
2024-05-16 09:48:18,101 INFO o.a.j.t.JMeterThread: Thread finished: Thread Group 1-39
2024-05-16 09:48:18,103 INFO o.a.j.t.JMeterThread: Thread is done: Thread Group 1-38
2024-05-16 09:48:18,103 INFO o.a.j.t.JMeterThread: Thread finished: Thread Group 1-38
2024-05-16 09:48:18,199 INFO o.a.j.t.JMeterThread: Thread started: Thread Group 1-46
2024-05-16 09:48:18,241 INFO o.a.j.t.JMeterThread: Thread is done: Thread Group 1-41
2024-05-16 09:48:18,242 INFO o.a.j.t.JMeterThread: Thread finished: Thread Group 1-41
2024-05-16 09:48:18,243 INFO o.a.j.t.JMeterThread: Thread is done: Thread Group 1-40
2024-05-16 09:48:18,243 INFO o.a.j.t.JMeterThread: Thread finished: Thread Group 1-40
2024-05-16 09:48:18,296 INFO o.a.j.t.JMeterThread: Thread started: Thread Group 1-47
2024-05-16 09:48:18,399 INFO o.a.j.t.JMeterThread: Thread started: Thread Group 1-48
2024-05-16 09:48:18,408 INFO o.a.j.t.JMeterThread: Thread is done: Thread Group 1-43
2024-05-16 09:48:18,409 INFO o.a.j.t.JMeterThread: Thread finished: Thread Group 1-43
2024-05-16 09:48:18,409 INFO o.a.j.t.JMeterThread: Thread is done: Thread Group 1-42
2024-05-16 09:48:18,409 INFO o.a.j.t.JMeterThread: Thread finished: Thread Group 1-42
2024-05-16 09:48:18,498 INFO o.a.j.t.JMeterThread: Thread started: Thread Group 1-49
2024-05-16 09:48:18,583 INFO o.a.j.t.JMeterThread: Thread is done: Thread Group 1-44
2024-05-16 09:48:18,584 INFO o.a.j.t.JMeterThread: Thread finished: Thread Group 1-44
2024-05-16 09:48:18,598 INFO o.a.j.t.JMeterThread: Thread started: Thread Group 1-50
2024-05-16 09:48:18,699 INFO o.a.j.t.JMeterThread: Thread started: Thread Group 1-51
2024-05-16 09:48:18,738 INFO o.a.j.t.JMeterThread: Thread is done: Thread Group 1-46
2024-05-16 09:48:18,738 INFO o.a.j.t.JMeterThread: Thread is done: Thread Group 1-45
2024-05-16 09:48:18,739 INFO o.a.j.t.JMeterThread: Thread finished: Thread Group 1-46
2024-05-16 09:48:18,741 INFO o.a.j.t.JMeterThread: Thread finished: Thread Group 1-45
2024-05-16 09:48:18,799 INFO o.a.j.t.JMeterThread: Thread started: Thread Group 1-52
2024-05-16 09:48:18,900 INFO o.a.j.t.JMeterThread: Thread started: Thread Group 1-53
2024-05-16 09:48:18,998 INFO o.a.j.t.JMeterThread: Thread started: Thread Group 1-54
2024-05-16 09:48:19,065 INFO o.a.j.t.JMeterThread: Thread is done: Thread Group 1-47
2024-05-16 09:48:19,065 INFO o.a.j.t.JMeterThread: Thread is done: Thread Group 1-48
2024-05-16 09:48:19,065 INFO o.a.j.t.JMeterThread: Thread finished: Thread Group 1-47
2024-05-16 09:48:19,065 INFO o.a.j.t.JMeterThread: Thread finished: Thread Group 1-48
2024-05-16 09:48:19,098 INFO o.a.j.t.JMeterThread: Thread started: Thread Group 1-55
2024-05-16 09:48:19,197 INFO o.a.j.t.JMeterThread: Thread started: Thread Group 1-56
2024-05-16 09:48:19,297 INFO o.a.j.t.JMeterThread: Thread started: Thread Group 1-57
2024-05-16 09:48:19,331 INFO o.a.j.t.JMeterThread: Thread is done: Thread Group 1-49
2024-05-16 09:48:19,332 INFO o.a.j.t.JMeterThread: Thread finished: Thread Group 1-49
2024-05-16 09:48:19,395 INFO o.a.j.t.JMeterThread: Thread started: Thread Group 1-58
2024-05-16 09:48:19,434 INFO o.a.j.t.JMeterThread: Thread is done: Thread Group 1-52
2024-05-16 09:48:19,434 INFO o.a.j.t.JMeterThread: Thread finished: Thread Group 1-52
2024-05-16 09:48:19,448 INFO o.a.j.t.JMeterThread: Thread is done: Thread Group 1-50
2024-05-16 09:48:19,448 INFO o.a.j.t.JMeterThread: Thread is done: Thread Group 1-53
2024-05-16 09:48:19,448 INFO o.a.j.t.JMeterThread: Thread is done: Thread Group 1-51
2024-05-16 09:48:19,448 INFO o.a.j.t.JMeterThread: Thread finished: Thread Group 1-53
2024-05-16 09:48:19,448 INFO o.a.j.t.JMeterThread: Thread finished: Thread Group 1-50
2024-05-16 09:48:19,448 INFO o.a.j.t.JMeterThread: Thread finished: Thread Group 1-51
2024-05-16 09:48:19,496 INFO o.a.j.t.JMeterThread: Thread started: Thread Group 1-59
2024-05-16 09:48:19,544 INFO o.a.j.t.JMeterThread: Thread is done: Thread Group 1-55
2024-05-16 09:48:19,545 INFO o.a.j.t.JMeterThread: Thread finished: Thread Group 1-55
2024-05-16 09:48:19,545 INFO o.a.j.t.JMeterThread: Thread is done: Thread Group 1-54
2024-05-16 09:48:19,545 INFO o.a.j.t.JMeterThread: Thread finished: Thread Group 1-54
2024-05-16 09:48:19,570 INFO o.a.j.t.JMeterThread: Thread is done: Thread Group 1-56
2024-05-16 09:48:19,570 INFO o.a.j.t.JMeterThread: Thread finished: Thread Group 1-56
2024-05-16 09:48:19,600 INFO o.a.j.t.JMeterThread: Thread started: Thread Group 1-60
2024-05-16 09:48:19,671 INFO o.a.j.t.JMeterThread: Thread is done: Thread Group 1-57
2024-05-16 09:48:19,671 INFO o.a.j.t.JMeterThread: Thread finished: Thread Group 1-57
2024-05-16 09:48:19,700 INFO o.a.j.t.JMeterThread: Thread started: Thread Group 1-61
2024-05-16 09:48:19,703 INFO o.a.j.t.JMeterThread: Thread is done: Thread Group 1-58
2024-05-16 09:48:19,703 INFO o.a.j.t.JMeterThread: Thread finished: Thread Group 1-58
2024-05-16 09:48:19,799 INFO o.a.j.t.JMeterThread: Thread started: Thread Group 1-62
2024-05-16 09:48:19,894 INFO o.a.j.t.JMeterThread: Thread started: Thread Group 1-63
2024-05-16 09:48:19,968 INFO o.a.j.t.JMeterThread: Thread is done: Thread Group 1-60
2024-05-16 09:48:19,968 INFO o.a.j.t.JMeterThread: Thread is done: Thread Group 1-59
2024-05-16 09:48:19,968 INFO o.a.j.t.JMeterThread: Thread finished: Thread Group 1-60
2024-05-16 09:48:19,968 INFO o.a.j.t.JMeterThread: Thread finished: Thread Group 1-59
2024-05-16 09:48:20,000 INFO o.a.j.t.JMeterThread: Thread started: Thread Group 1-64
2024-05-16 09:48:20,097 INFO o.a.j.t.JMeterThread: Thread started: Thread Group 1-65
2024-05-16 09:48:20,131 INFO o.a.j.t.JMeterThread: Thread is done: Thread Group 1-61
2024-05-16 09:48:20,131 INFO o.a.j.t.JMeterThread: Thread finished: Thread Group 1-61
2024-05-16 09:48:20,200 INFO o.a.j.t.JMeterThread: Thread started: Thread Group 1-66
2024-05-16 09:48:20,300 INFO o.a.j.t.JMeterThread: Thread started: Thread Group 1-67
2024-05-16 09:48:20,399 INFO o.a.j.t.JMeterThread: Thread started: Thread Group 1-68
2024-05-16 09:48:20,499 INFO o.a.j.t.JMeterThread: Thread started: Thread Group 1-69
2024-05-16 09:48:20,585 INFO o.a.j.t.JMeterThread: Thread is done: Thread Group 1-63
2024-05-16 09:48:20,585 INFO o.a.j.t.JMeterThread: Thread finished: Thread Group 1-63
2024-05-16 09:48:20,585 INFO o.a.j.t.JMeterThread: Thread is done: Thread Group 1-65
2024-05-16 09:48:20,585 INFO o.a.j.t.JMeterThread: Thread is done: Thread Group 1-64
2024-05-16 09:48:20,585 INFO o.a.j.t.JMeterThread: Thread finished: Thread Group 1-65
2024-05-16 09:48:20,585 INFO o.a.j.t.JMeterThread: Thread finished: Thread Group 1-64
2024-05-16 09:48:20,597 INFO o.a.j.t.JMeterThread: Thread started: Thread Group 1-70
2024-05-16 09:48:20,694 INFO o.a.j.t.JMeterThread: Thread started: Thread Group 1-71
2024-05-16 09:48:20,761 INFO o.a.j.t.JMeterThread: Thread is done: Thread Group 1-67
2024-05-16 09:48:20,762 INFO o.a.j.t.JMeterThread: Thread finished: Thread Group 1-67
2024-05-16 09:48:20,799 INFO o.a.j.t.JMeterThread: Thread started: Thread Group 1-72
2024-05-16 09:48:20,900 INFO o.a.j.t.JMeterThread: Thread started: Thread Group 1-73
2024-05-16 09:48:20,937 INFO o.a.j.t.JMeterThread: Thread is done: Thread Group 1-68
2024-05-16 09:48:20,937 INFO o.a.j.t.JMeterThread: Thread finished: Thread Group 1-68
2024-05-16 09:48:20,937 INFO o.a.j.t.JMeterThread: Thread is done: Thread Group 1-62
2024-05-16 09:48:20,937 INFO o.a.j.t.JMeterThread: Thread finished: Thread Group 1-62
2024-05-16 09:48:20,937 INFO o.a.j.t.JMeterThread: Thread is done: Thread Group 1-66
2024-05-16 09:48:20,937 INFO o.a.j.t.JMeterThread: Thread finished: Thread Group 1-66
2024-05-16 09:48:21,000 INFO o.a.j.t.JMeterThread: Thread started: Thread Group 1-74
2024-05-16 09:48:21,095 INFO o.a.j.t.JMeterThread: Thread started: Thread Group 1-75
2024-05-16 09:48:21,097 INFO o.a.j.t.JMeterThread: Thread is done: Thread Group 1-70
2024-05-16 09:48:21,097 INFO o.a.j.t.JMeterThread: Thread is done: Thread Group 1-69
2024-05-16 09:48:21,097 INFO o.a.j.t.JMeterThread: Thread is done: Thread Group 1-71
2024-05-16 09:48:21,097 INFO o.a.j.t.JMeterThread: Thread finished: Thread Group 1-70
2024-05-16 09:48:21,098 INFO o.a.j.t.JMeterThread: Thread finished: Thread Group 1-69
2024-05-16 09:48:21,098 INFO o.a.j.t.JMeterThread: Thread finished: Thread Group 1-71
2024-05-16 09:48:21,198 INFO o.a.j.t.JMeterThread: Thread started: Thread Group 1-76
2024-05-16 09:48:21,295 INFO o.a.j.t.JMeterThread: Thread started: Thread Group 1-77
2024-05-16 09:48:21,394 INFO o.a.j.t.JMeterThread: Thread started: Thread Group 1-78
2024-05-16 09:48:21,451 INFO o.a.j.t.JMeterThread: Thread is done: Thread Group 1-72
2024-05-16 09:48:21,451 INFO o.a.j.t.JMeterThread: Thread finished: Thread Group 1-72
2024-05-16 09:48:21,451 INFO o.a.j.t.JMeterThread: Thread is done: Thread Group 1-73
2024-05-16 09:48:21,451 INFO o.a.j.t.JMeterThread: Thread finished: Thread Group 1-73
2024-05-16 09:48:21,497 INFO o.a.j.t.JMeterThread: Thread started: Thread Group 1-79
2024-05-16 09:48:21,594 INFO o.a.j.t.JMeterThread: Thread started: Thread Group 1-80
2024-05-16 09:48:21,613 INFO o.a.j.t.JMeterThread: Thread is done: Thread Group 1-75
2024-05-16 09:48:21,613 INFO o.a.j.t.JMeterThread: Thread is done: Thread Group 1-76
2024-05-16 09:48:21,613 INFO o.a.j.t.JMeterThread: Thread finished: Thread Group 1-76
2024-05-16 09:48:21,613 INFO o.a.j.t.JMeterThread: Thread finished: Thread Group 1-75
2024-05-16 09:48:21,613 INFO o.a.j.t.JMeterThread: Thread is done: Thread Group 1-74
2024-05-16 09:48:21,613 INFO o.a.j.t.JMeterThread: Thread finished: Thread Group 1-74
2024-05-16 09:48:21,696 INFO o.a.j.t.JMeterThread: Thread started: Thread Group 1-81
2024-05-16 09:48:21,799 INFO o.a.j.t.JMeterThread: Thread started: Thread Group 1-82
2024-05-16 09:48:21,899 INFO o.a.j.t.JMeterThread: Thread started: Thread Group 1-83
2024-05-16 09:48:22,006 INFO o.a.j.t.JMeterThread: Thread is done: Thread Group 1-78
2024-05-16 09:48:22,006 INFO o.a.j.t.JMeterThread: Thread finished: Thread Group 1-78
2024-05-16 09:48:22,009 INFO o.a.j.t.JMeterThread: Thread started: Thread Group 1-84
2024-05-16 09:48:22,009 INFO o.a.j.t.JMeterThread: Thread is done: Thread Group 1-77
2024-05-16 09:48:22,009 INFO o.a.j.t.JMeterThread: Thread finished: Thread Group 1-77
2024-05-16 09:48:22,100 INFO o.a.j.t.JMeterThread: Thread started: Thread Group 1-85
2024-05-16 09:48:22,200 INFO o.a.j.t.JMeterThread: Thread started: Thread Group 1-86
2024-05-16 09:48:22,299 INFO o.a.j.t.JMeterThread: Thread started: Thread Group 1-87
2024-05-16 09:48:22,396 INFO o.a.j.t.JMeterThread: Thread started: Thread Group 1-88
2024-05-16 09:48:22,499 INFO o.a.j.t.JMeterThread: Thread started: Thread Group 1-89
2024-05-16 09:48:22,582 INFO o.a.j.t.JMeterThread: Thread is done: Thread Group 1-82
2024-05-16 09:48:22,582 INFO o.a.j.t.JMeterThread: Thread finished: Thread Group 1-82
2024-05-16 09:48:22,586 INFO o.a.j.t.JMeterThread: Thread is done: Thread Group 1-80
2024-05-16 09:48:22,586 INFO o.a.j.t.JMeterThread: Thread finished: Thread Group 1-80
2024-05-16 09:48:22,593 INFO o.a.j.t.JMeterThread: Thread is done: Thread Group 1-79
2024-05-16 09:48:22,593 INFO o.a.j.t.JMeterThread: Thread finished: Thread Group 1-79
2024-05-16 09:48:22,595 INFO o.a.j.t.JMeterThread: Thread is done: Thread Group 1-83
2024-05-16 09:48:22,595 INFO o.a.j.t.JMeterThread: Thread finished: Thread Group 1-83
2024-05-16 09:48:22,595 INFO o.a.j.t.JMeterThread: Thread started: Thread Group 1-90
2024-05-16 09:48:22,629 INFO o.a.j.t.JMeterThread: Thread is done: Thread Group 1-81
2024-05-16 09:48:22,629 INFO o.a.j.t.JMeterThread: Thread finished: Thread Group 1-81
2024-05-16 09:48:22,695 INFO o.a.j.t.JMeterThread: Thread is done: Thread Group 1-85
2024-05-16 09:48:22,695 INFO o.a.j.t.JMeterThread: Thread is done: Thread Group 1-84
2024-05-16 09:48:22,695 INFO o.a.j.t.JMeterThread: Thread finished: Thread Group 1-84
2024-05-16 09:48:22,695 INFO o.a.j.t.JMeterThread: Thread finished: Thread Group 1-85
2024-05-16 09:48:22,695 INFO o.a.j.t.JMeterThread: Thread started: Thread Group 1-91
2024-05-16 09:48:22,704 INFO o.a.j.t.JMeterThread: Thread is done: Thread Group 1-86
2024-05-16 09:48:22,705 INFO o.a.j.t.JMeterThread: Thread finished: Thread Group 1-86
2024-05-16 09:48:22,791 INFO o.a.j.t.JMeterThread: Thread is done: Thread Group 1-87
2024-05-16 09:48:22,791 INFO o.a.j.t.JMeterThread: Thread finished: Thread Group 1-87
2024-05-16 09:48:22,794 INFO o.a.j.t.JMeterThread: Thread is done: Thread Group 1-88
2024-05-16 09:48:22,794 INFO o.a.j.t.JMeterThread: Thread finished: Thread Group 1-88
2024-05-16 09:48:22,797 INFO o.a.j.t.JMeterThread: Thread started: Thread Group 1-92
2024-05-16 09:48:22,828 INFO o.a.j.t.JMeterThread: Thread is done: Thread Group 1-89
2024-05-16 09:48:22,828 INFO o.a.j.t.JMeterThread: Thread finished: Thread Group 1-89
2024-05-16 09:48:22,900 INFO o.a.j.t.JMeterThread: Thread started: Thread Group 1-93
2024-05-16 09:48:22,934 INFO o.a.j.t.JMeterThread: Thread is done: Thread Group 1-90
2024-05-16 09:48:22,934 INFO o.a.j.t.JMeterThread: Thread finished: Thread Group 1-90
2024-05-16 09:48:22,999 INFO o.a.j.t.JMeterThread: Thread started: Thread Group 1-94
2024-05-16 09:48:23,016 INFO o.a.j.t.JMeterThread: Thread is done: Thread Group 1-91
2024-05-16 09:48:23,016 INFO o.a.j.t.JMeterThread: Thread finished: Thread Group 1-91
2024-05-16 09:48:23,094 INFO o.a.j.t.JMeterThread: Thread started: Thread Group 1-95
2024-05-16 09:48:23,095 INFO o.a.j.t.JMeterThread: Thread is done: Thread Group 1-92
2024-05-16 09:48:23,095 INFO o.a.j.t.JMeterThread: Thread finished: Thread Group 1-92
2024-05-16 09:48:23,199 INFO o.a.j.t.JMeterThread: Thread started: Thread Group 1-96
2024-05-16 09:48:23,215 INFO o.a.j.t.JMeterThread: Thread is done: Thread Group 1-93
2024-05-16 09:48:23,216 INFO o.a.j.t.JMeterThread: Thread finished: Thread Group 1-93
2024-05-16 09:48:23,295 INFO o.a.j.t.JMeterThread: Thread started: Thread Group 1-97
2024-05-16 09:48:23,295 INFO o.a.j.t.JMeterThread: Thread is done: Thread Group 1-94
2024-05-16 09:48:23,295 INFO o.a.j.t.JMeterThread: Thread finished: Thread Group 1-94
2024-05-16 09:48:23,394 INFO o.a.j.t.JMeterThread: Thread started: Thread Group 1-98
2024-05-16 09:48:23,400 INFO o.a.j.t.JMeterThread: Thread is done: Thread Group 1-95
2024-05-16 09:48:23,400 INFO o.a.j.t.JMeterThread: Thread finished: Thread Group 1-95
2024-05-16 09:48:23,497 INFO o.a.j.t.JMeterThread: Thread is done: Thread Group 1-96
2024-05-16 09:48:23,497 INFO o.a.j.t.JMeterThread: Thread finished: Thread Group 1-96
2024-05-16 09:48:23,501 INFO o.a.j.t.JMeterThread: Thread started: Thread Group 1-99
2024-05-16 09:48:23,583 INFO o.a.j.t.JMeterThread: Thread is done: Thread Group 1-97
2024-05-16 09:48:23,583 INFO o.a.j.t.JMeterThread: Thread finished: Thread Group 1-97
2024-05-16 09:48:23,598 INFO o.a.j.t.JMeterThread: Thread started: Thread Group 1-100
2024-05-16 09:48:23,696 INFO o.a.j.t.JMeterThread: Thread is done: Thread Group 1-98
2024-05-16 09:48:23,696 INFO o.a.j.t.JMeterThread: Thread finished: Thread Group 1-98
2024-05-16 09:48:23,764 INFO o.a.j.t.JMeterThread: Thread is done: Thread Group 1-99
2024-05-16 09:48:23,765 INFO o.a.j.t.JMeterThread: Thread finished: Thread Group 1-99
2024-05-16 09:48:23,863 INFO o.a.j.t.JMeterThread: Thread is done: Thread Group 1-100
2024-05-16 09:48:23,863 INFO o.a.j.t.JMeterThread: Thread finished: Thread Group 1-100
2024-05-16 09:48:23,864 INFO o.a.j.e.StandardJMeterEngine: Notifying test listeners of end of test
2024-05-16 09:48:23,866 INFO o.a.j.r.Summariser: summary =    200 in 00:00:10 =   19.6/s Avg:   259 Min:   110 Max:  1373 Err:     0 (0.00%)
